<?xml version="1.0" encoding="UTF-8"?>
<!-- Generated by org.testng.reporters.JUnitReportReporter -->
<testsuite hostname="DESKTOP-S53ON3B" failures="0" tests="1" name="testrunner.TestRunner" time="134.225" errors="1" timestamp="2024-05-24T15:35:25 IST" skipped="0">
  <testcase classname="testrunner.TestRunner" name="runScenario" time="134.225">
    <error type="java.util.NoSuchElementException">
      <![CDATA[java.util.NoSuchElementException
at java.base/java.util.ArrayList$Itr.next(ArrayList.java:1000)
at pageobjects.BrokenLinksChecker.allLinksGetter(BrokenLinksChecker.java:42)
at stepdefs.BrokenLinksSteps.user_launches_the_page_and_check_the_broken_links(BrokenLinksSteps.java:18)
at âœ½.user launches the page and check the broken links(file:///C:/Users/Mohd%20Yusuf/codeRepository/NALCucSelBDD/NALBDDCucSel/src/test/resources/features/LinkChecker.feature:6)
]]>
    </error>
  </testcase> <!-- runScenario -->
</testsuite> <!-- testrunner.TestRunner -->
