<?xml version="1.0" encoding="UTF-8"?>
<!-- Generated by org.testng.reporters.JUnitReportReporter -->
<testsuite hostname="DESKTOP-S53ON3B" failures="0" tests="1" name="testrunner.TestRunner" time="68.632" errors="0" timestamp="2023-09-24T03:20:00 IST" skipped="0">
  <testcase classname="testrunner.TestRunner" name="runScenario" time="68.632"/>
</testsuite> <!-- testrunner.TestRunner -->
