<?xml version="1.0" encoding="UTF-8"?>
<!-- Generated by org.testng.reporters.JUnitReportReporter -->
<testsuite hostname="DESKTOP-S53ON3B" failures="0" tests="1" name="apistest.HTTPResqs" time="5.053" errors="0" timestamp="2024-01-17T18:39:50 IST" skipped="0">
  <testcase classname="apistest.HTTPResqs" name="getUsers" time="5.053"/>
</testsuite> <!-- apistest.HTTPResqs -->
