<?xml version="1.0" encoding="UTF-8"?>
<!-- Generated by org.testng.reporters.JUnitReportReporter -->
<testsuite hostname="DESKTOP-S53ON3B" failures="0" tests="1" name="testrunner.TestRunner" time="25.710" errors="0" timestamp="2023-08-20T01:37:30 IST" skipped="0">
  <testcase classname="testrunner.TestRunner" name="runScenario" time="25.710"/>
</testsuite> <!-- testrunner.TestRunner -->
