<?xml version="1.0" encoding="UTF-8"?>
<!-- Generated by org.testng.reporters.JUnitReportReporter -->
<testsuite hostname="DESKTOP-S53ON3B" failures="0" tests="1" name="testrunner.TestRunner" time="7.864" errors="0" timestamp="2023-08-10T02:51:30 PDT" skipped="0">
  <testcase classname="testrunner.TestRunner" name="runScenario" time="7.864"/>
</testsuite> <!-- testrunner.TestRunner -->
