<?xml version="1.0" encoding="UTF-8"?>
<!-- Generated by org.testng.reporters.JUnitReportReporter -->
<testsuite hostname="DESKTOP-S53ON3B" failures="0" tests="1" name="testrunner.TestRunner" time="32.940" errors="0" timestamp="2023-08-16T22:34:53 PDT" skipped="0">
  <testcase classname="testrunner.TestRunner" name="runScenario" time="32.940"/>
</testsuite> <!-- testrunner.TestRunner -->
