<?xml version="1.0" encoding="UTF-8"?>
<!-- Generated by org.testng.reporters.JUnitReportReporter -->
<testsuite hostname="DESKTOP-S53ON3B" failures="0" tests="1" name="testrunner.TestRunner" time="35.775" errors="0" timestamp="2023-09-03T09:43:14 IST" skipped="0">
  <testcase classname="testrunner.TestRunner" name="runScenario" time="35.775"/>
</testsuite> <!-- testrunner.TestRunner -->
