<?xml version="1.0" encoding="UTF-8"?>
<!-- Generated by org.testng.reporters.JUnitReportReporter -->
<testsuite hostname="DESKTOP-S53ON3B" failures="0" tests="1" name="testrunner.TestRunner" time="9.847" errors="0" timestamp="2023-08-10T05:13:59 PDT" skipped="0">
  <testcase classname="testrunner.TestRunner" name="runScenario" time="9.847"/>
</testsuite> <!-- testrunner.TestRunner -->
