<?xml version="1.0" encoding="UTF-8"?>
<!-- Generated by org.testng.reporters.JUnitReportReporter -->
<testsuite hostname="DESKTOP-S53ON3B" failures="2" tests="11" name="testrunner.TestRunner" time="0.459" errors="0" timestamp="2023-08-05T07:11:03 PDT" skipped="0">
  <testcase classname="testrunner.TestRunner" name="runScenario" time="0.025"/>
  <testcase classname="testrunner.TestRunner" name="runScenario" time="0.027"/>
  <testcase classname="testrunner.TestRunner" name="runScenario" time="0.020"/>
  <testcase classname="testrunner.TestRunner" name="runScenario" time="0.010"/>
  <testcase classname="testrunner.TestRunner" name="runScenario" time="0.235">
    <failure message="expected [true] but found [false]" type="java.lang.AssertionError">
      <![CDATA[java.lang.AssertionError: expected [true] but found [false]
at org.testng.Assert.fail(Assert.java:111)
at org.testng.Assert.failNotEquals(Assert.java:1578)
at org.testng.Assert.assertEqualsImpl(Assert.java:150)
at org.testng.Assert.assertEquals(Assert.java:132)
at org.testng.Assert.assertEquals(Assert.java:1067)
at org.testng.Assert.assertEquals(Assert.java:1031)
at org.testng.Assert.assertEquals(Assert.java:1077)
at steps.LoginNALcuc.click_on_login(LoginNALcuc.java:87)
at ✽.click on login(file:///C:/Users/Mohd%20Yusuf/codeRepository/NALCucSelBDD/NALBDDCucSel/src/test/resource/features/LoginDataFromExcel.feature:7)
]]>
    </failure>
  </testcase> <!-- runScenario -->
  <testcase classname="testrunner.TestRunner" name="runScenario" time="0.022"/>
  <testcase classname="testrunner.TestRunner" name="runScenario" time="0.020"/>
  <testcase classname="testrunner.TestRunner" name="runScenario" time="0.015"/>
  <testcase classname="testrunner.TestRunner" name="runScenario" time="0.036"/>
  <testcase classname="testrunner.TestRunner" name="runScenario" time="0.017"/>
  <testcase classname="testrunner.TestRunner" name="runScenario" time="0.032">
    <failure message="expected [true] but found [false]" type="java.lang.AssertionError">
      <![CDATA[java.lang.AssertionError: expected [true] but found [false]
at org.testng.Assert.fail(Assert.java:111)
at org.testng.Assert.failNotEquals(Assert.java:1578)
at org.testng.Assert.assertEqualsImpl(Assert.java:150)
at org.testng.Assert.assertEquals(Assert.java:132)
at org.testng.Assert.assertEquals(Assert.java:1067)
at org.testng.Assert.assertEquals(Assert.java:1031)
at org.testng.Assert.assertEquals(Assert.java:1077)
at steps.LoginNALcuc.click_on_login(LoginNALcuc.java:87)
at ✽.click on login(file:///C:/Users/Mohd%20Yusuf/codeRepository/NALCucSelBDD/NALBDDCucSel/src/test/resource/features/LoginDataFromExcel.feature:7)
]]>
    </failure>
  </testcase> <!-- runScenario -->
</testsuite> <!-- testrunner.TestRunner -->
