<?xml version="1.0" encoding="UTF-8"?>
<!-- Generated by org.testng.reporters.JUnitReportReporter -->
<testsuite hostname="DESKTOP-S53ON3B" failures="0" tests="1" name="testrunner.TestRunner" time="22.736" errors="0" timestamp="2024-05-18T23:34:47 IST" skipped="0">
  <testcase classname="testrunner.TestRunner" name="runScenario" time="22.736"/>
</testsuite> <!-- testrunner.TestRunner -->
