<?xml version="1.0" encoding="UTF-8"?>
<!-- Generated by org.testng.reporters.JUnitReportReporter -->
<testsuite hostname="DESKTOP-S53ON3B" failures="0" tests="11" name="testrunner.TestRunner" time="2.014" errors="0" timestamp="2023-08-05T06:24:31 PDT" skipped="0">
  <testcase classname="testrunner.TestRunner" name="runScenario" time="0.015"/>
  <testcase classname="testrunner.TestRunner" name="runScenario" time="1.741"/>
  <testcase classname="testrunner.TestRunner" name="runScenario" time="0.022"/>
  <testcase classname="testrunner.TestRunner" name="runScenario" time="0.014"/>
  <testcase classname="testrunner.TestRunner" name="runScenario" time="0.016"/>
  <testcase classname="testrunner.TestRunner" name="runScenario" time="0.013"/>
  <testcase classname="testrunner.TestRunner" name="runScenario" time="0.026"/>
  <testcase classname="testrunner.TestRunner" name="runScenario" time="0.078"/>
  <testcase classname="testrunner.TestRunner" name="runScenario" time="0.017"/>
  <testcase classname="testrunner.TestRunner" name="runScenario" time="0.029"/>
  <testcase classname="testrunner.TestRunner" name="runScenario" time="0.043"/>
</testsuite> <!-- testrunner.TestRunner -->
