<?xml version="1.0" encoding="UTF-8"?>
<!-- Generated by org.testng.reporters.JUnitReportReporter -->
<testsuite hostname="DESKTOP-S53ON3B" failures="0" tests="1" name="testrunner.TestRunner" time="34.687" errors="1" timestamp="2023-08-26T13:59:57 IST" skipped="0">
  <testcase classname="testrunner.TestRunner" name="runScenario" time="34.687">
    <error message="Cannot invoke &quot;java.lang.CharSequence.toString()&quot; because &quot;s&quot; is null" type="java.lang.NullPointerException">
      <![CDATA[java.lang.NullPointerException: Cannot invoke "java.lang.CharSequence.toString()" because "s" is null
at java.base/java.lang.String.contains(String.java:2852)
at pageobjects.SubmitOpderObjects.verifyCartPage(SubmitOpderObjects.java:40)
at stepdefs.SubmitOrderSteps.user_is_on_cart_item_list_page(SubmitOrderSteps.java:25)
at âœ½.user is on cart item list page(file:///C:/Users/Mohd%20Yusuf/codeRepository/NALCucSelBDD/NALBDDCucSel/src/test/resources/features/VegetableCart.feature:14)
]]>
    </error>
  </testcase> <!-- runScenario -->
</testsuite> <!-- testrunner.TestRunner -->
