<?xml version="1.0" encoding="UTF-8"?>
<!-- Generated by org.testng.reporters.JUnitReportReporter -->
<testsuite hostname="DESKTOP-S53ON3B" failures="0" tests="11" name="testrunner.TestRunner" time="1.258" errors="0" timestamp="2023-08-05T13:16:11 PDT" skipped="0">
  <testcase classname="testrunner.TestRunner" name="runScenario" time="0.022"/>
  <testcase classname="testrunner.TestRunner" name="runScenario" time="0.051"/>
  <testcase classname="testrunner.TestRunner" name="runScenario" time="0.023"/>
  <testcase classname="testrunner.TestRunner" name="runScenario" time="0.010"/>
  <testcase classname="testrunner.TestRunner" name="runScenario" time="1.065"/>
  <testcase classname="testrunner.TestRunner" name="runScenario" time="0.015"/>
  <testcase classname="testrunner.TestRunner" name="runScenario" time="0.010"/>
  <testcase classname="testrunner.TestRunner" name="runScenario" time="0.015"/>
  <testcase classname="testrunner.TestRunner" name="runScenario" time="0.009"/>
  <testcase classname="testrunner.TestRunner" name="runScenario" time="0.010"/>
  <testcase classname="testrunner.TestRunner" name="runScenario" time="0.028"/>
</testsuite> <!-- testrunner.TestRunner -->
